<?xml version="1.0" encoding="UTF-8"?>
<!-- Generated by org.testng.reporters.JUnitXMLReporter -->
<testsuite ignored="0" hostname="LAPTOP-4I05FVO2" failures="0" tests="2" name="Validating User Login" time="0.053" errors="0" timestamp="2021-01-23T19:36:47 IST">
  <testcase classname="Excel.FrameE2Eproject.Logging" name="@BeforeTest intialise" time="0.001">
    <failure type="java.lang.NullPointerException">
      <![CDATA[java.lang.NullPointerException
at resources.base.initializeBrowser(base.java:31)
at Excel.FrameE2Eproject.Logging.intialise(Logging.java:24)
... Removed 24 stack frames]]>
    </failure>
  </testcase> <!-- @BeforeTest intialise -->
  <testcase classname="Excel.FrameE2Eproject.Logging" name="@AfterTest teardown" time="-1.611410807363E9">
    <skipped/>
  </testcase> <!-- @AfterTest teardown -->
  <testcase classname="Excel.FrameE2Eproject.Logging" name="checkdata" time="0.0">
    <skipped/>
  </testcase> <!-- checkdata -->
  <testcase classname="Excel.FrameE2Eproject.Logging" name="checkdata" time="0.0">
    <skipped/>
  </testcase> <!-- checkdata -->
</testsuite> <!-- Validating User Login -->
