<?xml version="1.0" encoding="UTF-8"?>
<!-- Generated by org.testng.reporters.JUnitXMLReporter -->
<testsuite ignored="0" hostname="LAPTOP-4I05FVO2" failures="0" tests="1" name="Validating Title Test" time="0.023" errors="0" timestamp="2021-01-23T19:36:47 IST">
  <testcase classname="Excel.FrameE2Eproject.VisbityTest" name="@BeforeTest intialise" time="0.001">
    <failure type="java.lang.NullPointerException">
      <![CDATA[java.lang.NullPointerException
at resources.base.initializeBrowser(base.java:31)
at Excel.FrameE2Eproject.VisbityTest.intialise(VisbityTest.java:21)
... Removed 24 stack frames]]>
    </failure>
  </testcase> <!-- @BeforeTest intialise -->
  <testcase classname="Excel.FrameE2Eproject.VisbityTest" name="@AfterTest teardown" time="-1.611410807427E9">
    <skipped/>
  </testcase> <!-- @AfterTest teardown -->
  <testcase classname="Excel.FrameE2Eproject.VisbityTest" name="visbility" time="0.0">
    <skipped/>
  </testcase> <!-- visbility -->
</testsuite> <!-- Validating Title Test -->
