<?xml version="1.0" encoding="UTF-8"?>
<!-- Generated by org.testng.reporters.JUnitXMLReporter -->
<testsuite ignored="0" hostname="LAPTOP-4I05FVO2" failures="0" tests="2" name="Validating Naviagtion Bar" time="14.433" errors="0" timestamp="2021-01-23T22:07:41 IST">
  <testcase classname="Excel.FrameE2Eproject.NavigationTitle" name="headerTitle" time="0.146"/>
  <testcase classname="Excel.FrameE2Eproject.NavigationTitle" name="navigationTitle" time="0.066"/>
</testsuite> <!-- Validating Naviagtion Bar -->
